<?xml version="1.0" encoding="UTF-8"?>
<testng-results ignored="0" total="1" passed="1" failed="0" skipped="0">
  <reporter-output>
  </reporter-output>
  <suite started-at="2023-02-21T09:20:20 IST" name="Default suite" finished-at="2023-02-21T09:20:39 IST" duration-ms="19225">
    <groups>
    </groups>
    <test started-at="2023-02-21T09:20:20 IST" name="Default test" finished-at="2023-02-21T09:20:39 IST" duration-ms="19225">
      <class name="TestScript.FourthTest">
        <test-method is-config="true" signature="classConfigration()[pri:0, instance:TestScript.FourthTest@201a4587]" started-at="2023-02-21T09:20:20 IST" name="classConfigration" finished-at="2023-02-21T09:20:21 IST" duration-ms="971" status="PASS">
          <reporter-output>
          </reporter-output>
        </test-method> <!-- classConfigration -->
        <test-method is-config="true" signature="methodConfigration()[pri:0, instance:TestScript.FourthTest@201a4587]" started-at="2023-02-21T09:20:21 IST" name="methodConfigration" finished-at="2023-02-21T09:20:28 IST" duration-ms="7643" status="PASS">
          <reporter-output>
          </reporter-output>
        </test-method> <!-- methodConfigration -->
        <test-method signature="FourthTest1()[pri:0, instance:TestScript.FourthTest@201a4587]" started-at="2023-02-21T09:20:28 IST" name="FourthTest1" finished-at="2023-02-21T09:20:37 IST" duration-ms="8716" status="PASS">
          <reporter-output>
          </reporter-output>
        </test-method> <!-- FourthTest1 -->
        <test-method is-config="true" signature="methodTearDown()[pri:0, instance:TestScript.FourthTest@201a4587]" started-at="2023-02-21T09:20:37 IST" name="methodTearDown" finished-at="2023-02-21T09:20:39 IST" duration-ms="1824" status="PASS">
          <reporter-output>
          </reporter-output>
        </test-method> <!-- methodTearDown -->
        <test-method is-config="true" signature="classTearDown()[pri:0, instance:TestScript.FourthTest@201a4587]" started-at="2023-02-21T09:20:39 IST" name="classTearDown" finished-at="2023-02-21T09:20:39 IST" duration-ms="1" status="PASS">
          <reporter-output>
          </reporter-output>
        </test-method> <!-- classTearDown -->
      </class> <!-- TestScript.FourthTest -->
    </test> <!-- Default test -->
  </suite> <!-- Default suite -->
</testng-results>
