<?xml version="1.0" encoding="UTF-8"?>
<testng-results ignored="0" total="1" passed="1" failed="0" skipped="0">
  <reporter-output>
  </reporter-output>
  <suite started-at="2023-02-21T16:42:32 IST" name="Default suite" finished-at="2023-02-21T16:43:06 IST" duration-ms="34340">
    <groups>
    </groups>
    <test started-at="2023-02-21T16:42:32 IST" name="Default test" finished-at="2023-02-21T16:43:06 IST" duration-ms="34340">
      <class name="TestScript.ThirdTest">
        <test-method is-config="true" signature="classConfigration()[pri:0, instance:TestScript.ThirdTest@201a4587]" started-at="2023-02-21T16:42:32 IST" name="classConfigration" finished-at="2023-02-21T16:42:33 IST" duration-ms="1043" status="PASS">
          <reporter-output>
          </reporter-output>
        </test-method> <!-- classConfigration -->
        <test-method is-config="true" signature="methodConfigration()[pri:0, instance:TestScript.ThirdTest@201a4587]" started-at="2023-02-21T16:42:33 IST" name="methodConfigration" finished-at="2023-02-21T16:42:42 IST" duration-ms="8942" status="PASS">
          <reporter-output>
          </reporter-output>
        </test-method> <!-- methodConfigration -->
        <test-method signature="ThirdTest()[pri:0, instance:TestScript.ThirdTest@201a4587]" started-at="2023-02-21T16:42:42 IST" name="ThirdTest" finished-at="2023-02-21T16:43:05 IST" duration-ms="22477" status="PASS">
          <reporter-output>
          </reporter-output>
        </test-method> <!-- ThirdTest -->
        <test-method is-config="true" signature="methodTearDown()[pri:0, instance:TestScript.ThirdTest@201a4587]" started-at="2023-02-21T16:43:05 IST" name="methodTearDown" finished-at="2023-02-21T16:43:06 IST" duration-ms="1818" status="PASS">
          <reporter-output>
          </reporter-output>
        </test-method> <!-- methodTearDown -->
        <test-method is-config="true" signature="classTearDown()[pri:0, instance:TestScript.ThirdTest@201a4587]" started-at="2023-02-21T16:43:06 IST" name="classTearDown" finished-at="2023-02-21T16:43:06 IST" duration-ms="1" status="PASS">
          <reporter-output>
          </reporter-output>
        </test-method> <!-- classTearDown -->
      </class> <!-- TestScript.ThirdTest -->
    </test> <!-- Default test -->
  </suite> <!-- Default suite -->
</testng-results>
